<?xml version="1.0" encoding="UTF-8"?>
<testsuite name="club.ermergency.Test" tests="1" skipped="0" failures="0" errors="0" timestamp="2019-06-03T00:41:03" hostname="DESKTOP-J3258SN" time="0.002">
  <properties/>
  <testcase name="testTfdsf" classname="club.ermergency.Test" time="0.002"/>
  <system-out><![CDATA[]]></system-out>
  <system-err><![CDATA[]]></system-err>
</testsuite>
